2019-10-28T02:05:31.086Z - normal: Load ~/.CocosCreator/settings.json
2019-10-28T02:05:32.540Z - normal: Initializing Asset Database
2019-10-28T02:05:32.540Z - normal: checking language setting...
2019-10-28T02:05:32.540Z - normal: Language: zh
2019-10-28T02:05:36.555Z - success: preview server running at http://localhost:7456
2019-10-28T02:05:36.555Z - success: protocol editor-framework registered
2019-10-28T02:05:36.555Z - success: protocol app registered
2019-10-28T02:05:36.555Z - success: protocol theme registered
2019-10-28T02:05:36.555Z - success: protocol packages registered
2019-10-28T02:05:36.555Z - success: protocol uuid registerred
2019-10-28T02:05:36.555Z - success: protocol db registerred
2019-10-28T02:05:36.571Z - success: protocol thumbnail registerred
2019-10-28T02:05:36.571Z - success: protocol unpack registerred
2019-10-28T02:05:36.571Z - success: protocol disable-commonjs registerred
2019-10-28T02:05:36.680Z - normal: connected!
2019-10-28T02:05:36.680Z - normal: Check project C:\Users\Administrator\Desktop\idiom-end
2019-10-28T02:05:36.680Z - normal: Initializing project C:\Users\Administrator\Desktop\idiom-end
2019-10-28T02:05:38.290Z - normal: Initializing Cocos2d
2019-10-28T02:05:41.868Z - normal: Initializing engine extends
2019-10-28T02:05:41.993Z - success: asset-db-debugger loaded
2019-10-28T02:05:42.009Z - success: baidu-adapter loaded
2019-10-28T02:05:42.009Z - success: color-picker loaded
2019-10-28T02:05:42.368Z - success: fb-audience-network loaded
2019-10-28T02:05:42.571Z - success: fb-live-stream loaded
2019-10-28T02:05:42.603Z - success: google-play-instant loaded
2019-10-28T02:05:42.650Z - success: huawei-runtime loaded
2019-10-28T02:05:43.837Z - success: cpk-publish loaded
2019-10-28T02:05:43.837Z - success: jsb-adapter loaded
2019-10-28T02:05:43.884Z - success: oppo-runtime loaded
2019-10-28T02:05:43.900Z - success: package-manager loaded
2019-10-28T02:05:44.650Z - success: qqplay-adapter loaded
2019-10-28T02:05:44.650Z - success: runtime-dev-tools loaded
2019-10-28T02:05:44.681Z - success: sdkbox loaded
2019-10-28T02:05:44.681Z - success: tester loaded
2019-10-28T02:05:44.697Z - success: ui-grid loaded
2019-10-28T02:05:44.697Z - success: ui-kit-preview-extra loaded
2019-10-28T02:05:44.728Z - success: ui-kit-preview loaded
2019-10-28T02:05:44.728Z - success: ui-kit loaded
2019-10-28T02:05:44.728Z - success: ui-tree loaded
2019-10-28T02:05:44.775Z - success: vivo-runtime loaded
2019-10-28T02:05:44.775Z - success: weapp-adapter loaded
2019-10-28T02:05:44.775Z - success: xiaomi-adapter loaded
2019-10-28T02:05:44.884Z - success: assets loaded
2019-10-28T02:05:44.900Z - success: builder loaded
2019-10-28T02:05:46.134Z - success: cocos-services loaded
2019-10-28T02:05:46.134Z - success: console loaded
2019-10-28T02:05:46.212Z - success: fb-instant-games loaded
2019-10-28T02:05:46.228Z - success: game-window loaded
2019-10-28T02:05:46.228Z - success: google-instant-games loaded
2019-10-28T02:05:46.244Z - success: hierarchy loaded
2019-10-28T02:05:46.259Z - success: inspector loaded
2019-10-28T02:05:46.259Z - success: keystore loaded
2019-10-28T02:05:46.259Z - success: node-library loaded
2019-10-28T02:05:46.275Z - success: package-asset loaded
2019-10-28T02:05:46.275Z - success: preferences loaded
2019-10-28T02:05:46.290Z - success: project-exporter loaded
2019-10-28T02:05:46.290Z - success: project-importer loaded
2019-10-28T02:05:46.290Z - success: project-settings loaded
2019-10-28T02:05:46.306Z - success: scene loaded
2019-10-28T02:05:46.306Z - success: simulator-debugger loaded
2019-10-28T02:05:46.306Z - success: sprite-editor loaded
2019-10-28T02:05:46.322Z - success: store loaded
2019-10-28T02:05:46.337Z - success: timeline loaded
2019-10-28T02:05:46.384Z - success: xiaomi-runtime loaded
2019-10-28T02:05:46.384Z - success: excel-killer loaded
2019-10-28T02:05:51.117Z - info: Cocos Services load base data!
2019-10-28T02:06:12.182Z - normal: Loading packages
2019-10-28T02:06:12.206Z - normal: Watching packages
2019-10-28T02:06:14.715Z - normal: Run Application
2019-10-28T02:07:16.360Z - success: oppo-runtime unloaded
2019-10-28T02:07:16.365Z - success: oppo-runtime loaded
2019-10-28T07:19:02.285Z - info: shutdown preview server
